Release 14.7 - xst P.20131013 (nt64)
Copyright (c) 1995-2013 Xilinx, Inc.  All rights reserved.
--> Parameter TMPDIR set to xst/projnav.tmp


Total REAL time to Xst completion: 2.00 secs
Total CPU time to Xst completion: 1.64 secs
 
--> Parameter xsthdpdir set to xst


Total REAL time to Xst completion: 2.00 secs
Total CPU time to Xst completion: 1.65 secs
 
--> Reading design: Neander.prj

TABLE OF CONTENTS
  1) Synthesis Options Summary
  2) HDL Parsing
  3) HDL Elaboration
  4) HDL Synthesis
       4.1) HDL Synthesis Report
  5) Advanced HDL Synthesis
       5.1) Advanced HDL Synthesis Report
  6) Low Level Synthesis
  7) Partition Report
  8) Design Summary
       8.1) Primitive and Black Box Usage
       8.2) Device utilization summary
       8.3) Partition Resource Summary
       8.4) Timing Report
            8.4.1) Clock Information
            8.4.2) Asynchronous Control Signals Information
            8.4.3) Timing Summary
            8.4.4) Timing Details
            8.4.5) Cross Clock Domains Report


=========================================================================
*                      Synthesis Options Summary                        *
=========================================================================
---- Source Parameters
Input File Name                    : "Neander.prj"
Ignore Synthesis Constraint File   : NO

---- Target Parameters
Output File Name                   : "Neander"
Output Format                      : NGC
Target Device                      : xc7a100t-3-csg324

---- Source Options
Top Module Name                    : Neander
Automatic FSM Extraction           : YES
FSM Encoding Algorithm             : Auto
Safe Implementation                : No
FSM Style                          : LUT
RAM Extraction                     : Yes
RAM Style                          : Auto
ROM Extraction                     : Yes
Shift Register Extraction          : YES
ROM Style                          : Auto
Resource Sharing                   : YES
Asynchronous To Synchronous        : NO
Shift Register Minimum Size        : 2
Use DSP Block                      : Auto
Automatic Register Balancing       : No

---- Target Options
LUT Combining                      : Auto
Reduce Control Sets                : Auto
Add IO Buffers                     : YES
Global Maximum Fanout              : 100000
Add Generic Clock Buffer(BUFG)     : 32
Register Duplication               : YES
Optimize Instantiated Primitives   : NO
Use Clock Enable                   : Auto
Use Synchronous Set                : Auto
Use Synchronous Reset              : Auto
Pack IO Registers into IOBs        : Auto
Equivalent register Removal        : YES

---- General Options
Optimization Goal                  : Speed
Optimization Effort                : 1
Power Reduction                    : NO
Keep Hierarchy                     : No
Netlist Hierarchy                  : As_Optimized
RTL Output                         : Yes
Global Optimization                : AllClockNets
Read Cores                         : YES
Write Timing Constraints           : NO
Cross Clock Analysis               : NO
Hierarchy Separator                : /
Bus Delimiter                      : <>
Case Specifier                     : Maintain
Slice Utilization Ratio            : 100
BRAM Utilization Ratio             : 100
DSP48 Utilization Ratio            : 100
Auto BRAM Packing                  : NO
Slice Utilization Ratio Delta      : 5

=========================================================================


=========================================================================
*                          HDL Parsing                                  *
=========================================================================
Parsing VHDL file "E:\SD\trabalho_1_ISE\trabalho_1\Neander.vhd" into library work
Parsing entity <Neander>.
Parsing architecture <Behavioral> of entity <neander>.

=========================================================================
*                            HDL Elaboration                            *
=========================================================================

Elaborating entity <Neander> (architecture <Behavioral>) from library <work>.
WARNING:HDLCompiler:1127 - "E:\SD\trabalho_1_ISE\trabalho_1\Neander.vhd" Line 120: Assignment to saidarem ignored, since the identifier is never used

=========================================================================
*                           HDL Synthesis                               *
=========================================================================

Synthesizing Unit <Neander>.
    Related source file is "E:\SD\trabalho_1_ISE\trabalho_1\Neander.vhd".
WARNING:Xst:647 - Input <cargaREM> is never used. This port will be preserved and left unconnected if it belongs to a top-level block or it belongs to a sub-block and the hierarchy of this sub-block is preserved.
    Found 8-bit register for signal <saidaRDM>.
    Found 8-bit register for signal <saida>.
    Found 8-bit register for signal <saidaRI>.
    Found 8-bit adder for signal <X[7]_Y[7]_add_19_OUT> created at line 157.
    Found 8-bit subtractor for signal <GND_6_o_GND_6_o_sub_28_OUT<7:0>> created at line 165.
WARNING:Xst:737 - Found 1-bit latch for signal <ULA<7>>. Latches may be generated from incomplete case or if statements. We do not recommend the use of latches in FPGA/CPLD designs, as they may lead to timing problems.
WARNING:Xst:737 - Found 1-bit latch for signal <ULA<6>>. Latches may be generated from incomplete case or if statements. We do not recommend the use of latches in FPGA/CPLD designs, as they may lead to timing problems.
WARNING:Xst:737 - Found 1-bit latch for signal <ULA<5>>. Latches may be generated from incomplete case or if statements. We do not recommend the use of latches in FPGA/CPLD designs, as they may lead to timing problems.
WARNING:Xst:737 - Found 1-bit latch for signal <ULA<4>>. Latches may be generated from incomplete case or if statements. We do not recommend the use of latches in FPGA/CPLD designs, as they may lead to timing problems.
WARNING:Xst:737 - Found 1-bit latch for signal <ULA<3>>. Latches may be generated from incomplete case or if statements. We do not recommend the use of latches in FPGA/CPLD designs, as they may lead to timing problems.
WARNING:Xst:737 - Found 1-bit latch for signal <ULA<2>>. Latches may be generated from incomplete case or if statements. We do not recommend the use of latches in FPGA/CPLD designs, as they may lead to timing problems.
WARNING:Xst:737 - Found 1-bit latch for signal <ULA<1>>. Latches may be generated from incomplete case or if statements. We do not recommend the use of latches in FPGA/CPLD designs, as they may lead to timing problems.
WARNING:Xst:737 - Found 1-bit latch for signal <ULA<0>>. Latches may be generated from incomplete case or if statements. We do not recommend the use of latches in FPGA/CPLD designs, as they may lead to timing problems.
    Found 8-bit comparator greater for signal <N> created at line 172
    Summary:
	inferred   2 Adder/Subtractor(s).
	inferred  24 D-type flip-flop(s).
	inferred   8 Latch(s).
	inferred   1 Comparator(s).
	inferred  41 Multiplexer(s).
Unit <Neander> synthesized.

=========================================================================
HDL Synthesis Report

Macro Statistics
# Adders/Subtractors                                   : 2
 8-bit adder                                           : 1
 8-bit subtractor                                      : 1
# Registers                                            : 3
 8-bit register                                        : 3
# Latches                                              : 8
 1-bit latch                                           : 8
# Comparators                                          : 1
 8-bit comparator greater                              : 1
# Multiplexers                                         : 41
 1-bit 2-to-1 multiplexer                              : 40
 8-bit 2-to-1 multiplexer                              : 1
# Xors                                                 : 1
 8-bit xor2                                            : 1

=========================================================================

=========================================================================
*                       Advanced HDL Synthesis                          *
=========================================================================


=========================================================================
Advanced HDL Synthesis Report

Macro Statistics
# Adders/Subtractors                                   : 2
 8-bit adder                                           : 1
 8-bit subtractor                                      : 1
# Registers                                            : 24
 Flip-Flops                                            : 24
# Comparators                                          : 1
 8-bit comparator greater                              : 1
# Multiplexers                                         : 41
 1-bit 2-to-1 multiplexer                              : 40
 8-bit 2-to-1 multiplexer                              : 1
# Xors                                                 : 1
 8-bit xor2                                            : 1

=========================================================================

=========================================================================
*                         Low Level Synthesis                           *
=========================================================================

Optimizing unit <Neander> ...

Mapping all equations...
Building and optimizing final netlist ...
Found area constraint ratio of 100 (+ 5) on block Neander, actual ratio is 0.
FlipFlop saidaAC_7 has been replicated 1 time(s) to handle iob=true attribute.
FlipFlop saidaAC_6 has been replicated 1 time(s) to handle iob=true attribute.
FlipFlop saidaAC_5 has been replicated 1 time(s) to handle iob=true attribute.
FlipFlop saidaAC_4 has been replicated 1 time(s) to handle iob=true attribute.
FlipFlop saidaAC_3 has been replicated 1 time(s) to handle iob=true attribute.
FlipFlop saidaAC_2 has been replicated 1 time(s) to handle iob=true attribute.
FlipFlop saidaAC_1 has been replicated 1 time(s) to handle iob=true attribute.
FlipFlop saidaAC_0 has been replicated 1 time(s) to handle iob=true attribute.
Latch ULA_7 has been replicated 1 time(s) to handle iob=true attribute.

Final Macro Processing ...

=========================================================================
Final Register Report

Macro Statistics
# Registers                                            : 32
 Flip-Flops                                            : 32

=========================================================================

=========================================================================
*                           Partition Report                            *
=========================================================================

Partition Implementation Status
-------------------------------

  No Partitions were found in this design.

-------------------------------

=========================================================================
*                            Design Summary                             *
=========================================================================

Top Level Output File Name         : Neander.ngc

Primitive and Black Box Usage:
------------------------------
# BELS                             : 90
#      GND                         : 1
#      LUT2                        : 16
#      LUT3                        : 11
#      LUT4                        : 4
#      LUT5                        : 17
#      LUT6                        : 10
#      MUXCY                       : 14
#      VCC                         : 1
#      XORCY                       : 16
# FlipFlops/Latches                : 41
#      FDC                         : 8
#      FDCE                        : 24
#      LDE_1                       : 9
# Clock Buffers                    : 1
#      BUFGP                       : 1
# IO Buffers                       : 22
#      IBUF                        : 12
#      OBUF                        : 10

Device utilization summary:
---------------------------

Selected Device : 7a100tcsg324-3 


Slice Logic Utilization: 
 Number of Slice Registers:              32  out of  126800     0%  
 Number of Slice LUTs:                   58  out of  63400     0%  
    Number used as Logic:                58  out of  63400     0%  

Slice Logic Distribution: 
 Number of LUT Flip Flop pairs used:     65
   Number with an unused Flip Flop:      33  out of     65    50%  
   Number with an unused LUT:             7  out of     65    10%  
   Number of fully used LUT-FF pairs:    25  out of     65    38%  
   Number of unique control sets:         4

IO Utilization: 
 Number of IOs:                          27
 Number of bonded IOBs:                  23  out of    210    10%  
    IOB Flip Flops/Latches:               9

Specific Feature Utilization:
 Number of BUFG/BUFGCTRLs:                1  out of     32     3%  

---------------------------
Partition Resource Summary:
---------------------------

  No Partitions were found in this design.

---------------------------


=========================================================================
Timing Report

NOTE: THESE TIMING NUMBERS ARE ONLY A SYNTHESIS ESTIMATE.
      FOR ACCURATE TIMING INFORMATION PLEASE REFER TO THE TRACE REPORT
      GENERATED AFTER PLACE-and-ROUTE.

Clock Information:
------------------
--------------------------------------------------------+------------------------+-------+
Clock Signal                                            | Clock buffer(FF name)  | Load  |
--------------------------------------------------------+------------------------+-------+
clk                                                     | BUFGP                  | 32    |
RI[7]_GND_6_o_equal_18_o(RI[7]_GND_6_o_equal_18_o<7>2:O)| NONE(*)(ULA_6)         | 9     |
--------------------------------------------------------+------------------------+-------+
(*) This 1 clock signal(s) are generated by combinatorial logic,
and XST is not able to identify which are the primary clock signals.
Please use the CLOCK_SIGNAL constraint to specify the clock signal(s) generated by combinatorial logic.
INFO:Xst:2169 - HDL ADVISOR - Some clock signals were not automatically buffered by XST with BUFG/BUFR resources. Please use the buffer_type constraint in order to insert these buffers to the clock signals to help prevent skew problems.

Asynchronous Control Signals Information:
----------------------------------------
No asynchronous control signals found in this design

Timing Summary:
---------------
Speed Grade: -3

   Minimum period: 0.775ns (Maximum Frequency: 1289.823MHz)
   Minimum input arrival time before clock: 0.736ns
   Maximum output required time after clock: 1.765ns
   Maximum combinational path delay: No path found

Timing Details:
---------------
All values displayed in nanoseconds (ns)

=========================================================================
Timing constraint: Default period analysis for Clock 'clk'
  Clock period: 0.775ns (frequency: 1289.823MHz)
  Total number of paths / destination ports: 16 / 16
-------------------------------------------------------------------------
Delay:               0.775ns (Levels of Logic = 1)
  Source:            saidaAC_0 (FF)
  Destination:       saidaRDM_0 (FF)
  Source Clock:      clk rising
  Destination Clock: clk rising

  Data Path: saidaAC_0 to saidaRDM_0
                                Gate     Net
    Cell:in->out      fanout   Delay   Delay  Logical Name (Net Name)
    ----------------------------------------  ------------
     FDCE:C->Q             4   0.361   0.309  saidaAC_0 (saidaAC_0)
     LUT3:I2->O            1   0.097   0.000  Mmux_entrada[7]_entradaRDM[7]_mux_12_OUT11 (entrada[7]_entradaRDM[7]_mux_12_OUT<0>)
     FDC:D                     0.008          saidaRDM_0
    ----------------------------------------
    Total                      0.775ns (0.466ns logic, 0.309ns route)
                                       (60.1% logic, 39.9% route)

=========================================================================
Timing constraint: Default OFFSET IN BEFORE for Clock 'clk'
  Total number of paths / destination ports: 72 / 64
-------------------------------------------------------------------------
Offset:              0.736ns (Levels of Logic = 1)
  Source:            rst (PAD)
  Destination:       saidaRDM_0 (FF)
  Destination Clock: clk rising

  Data Path: rst to saidaRDM_0
                                Gate     Net
    Cell:in->out      fanout   Delay   Delay  Logical Name (Net Name)
    ----------------------------------------  ------------
     IBUF:I->O            32   0.001   0.386  rst_IBUF (rst_IBUF)
     FDC:CLR                   0.349          saidaRDM_0
    ----------------------------------------
    Total                      0.736ns (0.350ns logic, 0.386ns route)
                                       (47.5% logic, 52.5% route)

=========================================================================
Timing constraint: Default OFFSET OUT AFTER for Clock 'clk'
  Total number of paths / destination ports: 8 / 8
-------------------------------------------------------------------------
Offset:              0.640ns (Levels of Logic = 1)
  Source:            saidaAC_7_1 (FF)
  Destination:       saida<7> (PAD)
  Source Clock:      clk rising

  Data Path: saidaAC_7_1 to saida<7>
                                Gate     Net
    Cell:in->out      fanout   Delay   Delay  Logical Name (Net Name)
    ----------------------------------------  ------------
     FDCE:C->Q             1   0.361   0.279  saidaAC_7_1 (saidaAC_7_1)
     OBUF:I->O                 0.000          saida_7_OBUF (saida<7>)
    ----------------------------------------
    Total                      0.640ns (0.361ns logic, 0.279ns route)
                                       (56.4% logic, 43.6% route)

=========================================================================
Timing constraint: Default OFFSET OUT AFTER for Clock 'RI[7]_GND_6_o_equal_18_o'
  Total number of paths / destination ports: 9 / 2
-------------------------------------------------------------------------
Offset:              1.765ns (Levels of Logic = 3)
  Source:            ULA_6 (LATCH)
  Destination:       Z (PAD)
  Source Clock:      RI[7]_GND_6_o_equal_18_o rising

  Data Path: ULA_6 to Z
                                Gate     Net
    Cell:in->out      fanout   Delay   Delay  Logical Name (Net Name)
    ----------------------------------------  ------------
     LDE_1:G->Q            3   0.475   0.521  ULA_6 (ULA_6)
     LUT3:I0->O            1   0.097   0.295  Z<7>_SW0 (N01)
     LUT6:I5->O            1   0.097   0.279  Z<7> (Z_OBUF)
     OBUF:I->O                 0.000          Z_OBUF (Z)
    ----------------------------------------
    Total                      1.765ns (0.669ns logic, 1.096ns route)
                                       (37.9% logic, 62.1% route)

=========================================================================

Cross Clock Domains Report:
--------------------------

Clock to Setup on destination clock RI[7]_GND_6_o_equal_18_o
---------------+---------+---------+---------+---------+
               | Src:Rise| Src:Fall| Src:Rise| Src:Fall|
Source Clock   |Dest:Rise|Dest:Rise|Dest:Fall|Dest:Fall|
---------------+---------+---------+---------+---------+
clk            |    3.060|         |         |         |
---------------+---------+---------+---------+---------+

Clock to Setup on destination clock clk
------------------------+---------+---------+---------+---------+
                        | Src:Rise| Src:Fall| Src:Rise| Src:Fall|
Source Clock            |Dest:Rise|Dest:Rise|Dest:Fall|Dest:Fall|
------------------------+---------+---------+---------+---------+
RI[7]_GND_6_o_equal_18_o|    0.772|         |         |         |
clk                     |    0.775|         |         |         |
------------------------+---------+---------+---------+---------+

=========================================================================


Total REAL time to Xst completion: 34.00 secs
Total CPU time to Xst completion: 33.76 secs
 
--> 

Total memory usage is 483096 kilobytes

Number of errors   :    0 (   0 filtered)
Number of warnings :   10 (   0 filtered)
Number of infos    :    1 (   0 filtered)

